  ErrorUtil.cpp
  main.cpp
C:\dev\ThisIsGonnaBeViral\ThisGoingViral\Solver.h(19,33): warning C4305: 'initializing': truncation from 'double' to 'float'
  (compiling source file 'main.cpp')
  
C:\dev\ThisIsGonnaBeViral\ThisGoingViral\main.cpp(29,90): warning C4305: 'argument': truncation from 'double' to 'T'
C:\dev\ThisIsGonnaBeViral\ThisGoingViral\main.cpp(29,90): warning C4305:         with
C:\dev\ThisIsGonnaBeViral\ThisGoingViral\main.cpp(29,90): warning C4305:         [
C:\dev\ThisIsGonnaBeViral\ThisGoingViral\main.cpp(29,90): warning C4305:             T=float
C:\dev\ThisIsGonnaBeViral\ThisGoingViral\main.cpp(29,90): warning C4305:         ]
C:\dev\ThisIsGonnaBeViral\ThisGoingViral\main.cpp(29,85): warning C4305: 'argument': truncation from 'double' to 'T'
C:\dev\ThisIsGonnaBeViral\ThisGoingViral\main.cpp(29,85): warning C4305:         with
C:\dev\ThisIsGonnaBeViral\ThisGoingViral\main.cpp(29,85): warning C4305:         [
C:\dev\ThisIsGonnaBeViral\ThisGoingViral\main.cpp(29,85): warning C4305:             T=float
C:\dev\ThisIsGonnaBeViral\ThisGoingViral\main.cpp(29,85): warning C4305:         ]
C:\dev\ThisIsGonnaBeViral\ThisGoingViral\main.cpp(30,91): warning C4305: 'argument': truncation from 'double' to 'T'
C:\dev\ThisIsGonnaBeViral\ThisGoingViral\main.cpp(30,91): warning C4305:         with
C:\dev\ThisIsGonnaBeViral\ThisGoingViral\main.cpp(30,91): warning C4305:         [
C:\dev\ThisIsGonnaBeViral\ThisGoingViral\main.cpp(30,91): warning C4305:             T=float
C:\dev\ThisIsGonnaBeViral\ThisGoingViral\main.cpp(30,91): warning C4305:         ]
C:\dev\ThisIsGonnaBeViral\ThisGoingViral\main.cpp(30,86): warning C4305: 'argument': truncation from 'double' to 'T'
C:\dev\ThisIsGonnaBeViral\ThisGoingViral\main.cpp(30,86): warning C4305:         with
C:\dev\ThisIsGonnaBeViral\ThisGoingViral\main.cpp(30,86): warning C4305:         [
C:\dev\ThisIsGonnaBeViral\ThisGoingViral\main.cpp(30,86): warning C4305:             T=float
C:\dev\ThisIsGonnaBeViral\ThisGoingViral\main.cpp(30,86): warning C4305:         ]
C:\dev\ThisIsGonnaBeViral\ThisGoingViral\main.cpp(31,91): warning C4305: 'argument': truncation from 'double' to 'T'
C:\dev\ThisIsGonnaBeViral\ThisGoingViral\main.cpp(31,91): warning C4305:         with
C:\dev\ThisIsGonnaBeViral\ThisGoingViral\main.cpp(31,91): warning C4305:         [
C:\dev\ThisIsGonnaBeViral\ThisGoingViral\main.cpp(31,91): warning C4305:             T=float
C:\dev\ThisIsGonnaBeViral\ThisGoingViral\main.cpp(31,91): warning C4305:         ]
C:\dev\ThisIsGonnaBeViral\ThisGoingViral\main.cpp(31,85): warning C4305: 'argument': truncation from 'double' to 'T'
C:\dev\ThisIsGonnaBeViral\ThisGoingViral\main.cpp(31,85): warning C4305:         with
C:\dev\ThisIsGonnaBeViral\ThisGoingViral\main.cpp(31,85): warning C4305:         [
C:\dev\ThisIsGonnaBeViral\ThisGoingViral\main.cpp(31,85): warning C4305:             T=float
C:\dev\ThisIsGonnaBeViral\ThisGoingViral\main.cpp(31,85): warning C4305:         ]
  math.cpp
  VerletParticle.cpp
C:\dev\ThisIsGonnaBeViral\ThisGoingViral\VerletParticle.cpp(28,29): warning C4305: 'argument': truncation from 'double' to 'T'
C:\dev\ThisIsGonnaBeViral\ThisGoingViral\VerletParticle.cpp(28,29): warning C4305:         with
C:\dev\ThisIsGonnaBeViral\ThisGoingViral\VerletParticle.cpp(28,29): warning C4305:         [
C:\dev\ThisIsGonnaBeViral\ThisGoingViral\VerletParticle.cpp(28,29): warning C4305:             T=float
C:\dev\ThisIsGonnaBeViral\ThisGoingViral\VerletParticle.cpp(28,29): warning C4305:         ]
  Solver.cpp
C:\dev\ThisIsGonnaBeViral\ThisGoingViral\Solver.h(19,33): warning C4305: 'initializing': truncation from 'double' to 'float'
  (compiling source file 'Solver.cpp')
  
C:\dev\ThisIsGonnaBeViral\ThisGoingViral\Solver.cpp(29,36): warning C4305: '+=': truncation from 'double' to 'float'
main.obj : error LNK2001: unresolved external symbol "__declspec(dllimport) public: class sf::Time __thiscall sf::Clock::restart(void)" (__imp_?restart@Clock@sf@@QAE?AVTime@2@XZ)
main.obj : error LNK2001: unresolved external symbol "__declspec(dllimport) public: __thiscall sf::Clock::Clock(void)" (__imp_??0Clock@sf@@QAE@XZ)
main.obj : error LNK2001: unresolved external symbol "__declspec(dllimport) public: float __thiscall sf::Time::asSeconds(void)const " (__imp_?asSeconds@Time@sf@@QBEMXZ)
main.obj : error LNK2001: unresolved external symbol "__declspec(dllimport) public: virtual __thiscall sf::RenderWindow::~RenderWindow(void)" (__imp_??1RenderWindow@sf@@UAE@XZ)
main.obj : error LNK2001: unresolved external symbol "__declspec(dllimport) public: __thiscall sf::RenderWindow::RenderWindow(class sf::VideoMode,class sf::String const &,unsigned int,struct sf::ContextSettings const &)" (__imp_??0RenderWindow@sf@@QAE@VVideoMode@1@ABVString@1@IABUContextSettings@1@@Z)
main.obj : error LNK2001: unresolved external symbol "__declspec(dllimport) public: __thiscall sf::Color::Color(unsigned char,unsigned char,unsigned char,unsigned char)" (__imp_??0Color@sf@@QAE@EEEE@Z)
main.obj : error LNK2001: unresolved external symbol "__declspec(dllimport) public: void __thiscall sf::Window::display(void)" (__imp_?display@Window@sf@@QAEXXZ)
main.obj : error LNK2001: unresolved external symbol "__declspec(dllimport) public: virtual void __thiscall sf::Window::close(void)" (__imp_?close@Window@sf@@UAEXXZ)
main.obj : error LNK2001: unresolved external symbol "__declspec(dllimport) public: bool __thiscall sf::WindowBase::pollEvent(class sf::Event &)" (__imp_?pollEvent@WindowBase@sf@@QAE_NAAVEvent@2@@Z)
main.obj : error LNK2001: unresolved external symbol "__declspec(dllimport) public: bool __thiscall sf::WindowBase::isOpen(void)const " (__imp_?isOpen@WindowBase@sf@@QBE_NXZ)
main.obj : error LNK2001: unresolved external symbol "__declspec(dllimport) public: void __thiscall sf::RenderTarget::clear(class sf::Color const &)" (__imp_?clear@RenderTarget@sf@@QAEXABVColor@2@@Z)
main.obj : error LNK2001: unresolved external symbol "__declspec(dllimport) public: __thiscall sf::String::String(char const *,class std::locale const &)" (__imp_??0String@sf@@QAE@PBDABVlocale@std@@@Z)
main.obj : error LNK2001: unresolved external symbol "__declspec(dllimport) public: __thiscall sf::VideoMode::VideoMode(unsigned int,unsigned int,unsigned int)" (__imp_??0VideoMode@sf@@QAE@III@Z)
main.obj : error LNK2001: unresolved external symbol "__declspec(dllimport) public: __thiscall sf::String::~String(void)" (__imp_??1String@sf@@QAE@XZ)
VerletParticle.obj : error LNK2001: unresolved external symbol "__declspec(dllimport) public: static class sf::RenderStates const sf::RenderStates::Default" (__imp_?Default@RenderStates@sf@@2V12@B)
VerletParticle.obj : error LNK2001: unresolved external symbol "__declspec(dllimport) public: float __thiscall sf::CircleShape::getRadius(void)const " (__imp_?getRadius@CircleShape@sf@@QBEMXZ)
VerletParticle.obj : error LNK2001: unresolved external symbol "__declspec(dllimport) public: void __thiscall sf::CircleShape::setRadius(float)" (__imp_?setRadius@CircleShape@sf@@QAEXM@Z)
VerletParticle.obj : error LNK2001: unresolved external symbol "__declspec(dllimport) public: __thiscall sf::CircleShape::CircleShape(float,unsigned int)" (__imp_??0CircleShape@sf@@QAE@MI@Z)
VerletParticle.obj : error LNK2001: unresolved external symbol "__declspec(dllimport) public: void __thiscall sf::Transformable::setOrigin(float,float)" (__imp_?setOrigin@Transformable@sf@@QAEXMM@Z)
VerletParticle.obj : error LNK2001: unresolved external symbol "__declspec(dllimport) public: void __thiscall sf::Transformable::setPosition(class sf::Vector2<float> const &)" (__imp_?setPosition@Transformable@sf@@QAEXABV?$Vector2@M@2@@Z)
VerletParticle.obj : error LNK2001: unresolved external symbol "__declspec(dllimport) public: void __thiscall sf::RenderTarget::draw(class sf::Drawable const &,class sf::RenderStates const &)" (__imp_?draw@RenderTarget@sf@@QAEXABVDrawable@2@ABVRenderStates@2@@Z)
VerletParticle.obj : error LNK2001: unresolved external symbol "__declspec(dllimport) public: void __thiscall sf::Shape::setFillColor(class sf::Color const &)" (__imp_?setFillColor@Shape@sf@@QAEXABVColor@2@@Z)
VerletParticle.obj : error LNK2001: unresolved external symbol "__declspec(dllimport) public: virtual __thiscall sf::CircleShape::~CircleShape(void)" (__imp_??1CircleShape@sf@@UAE@XZ)
Solver.obj : error LNK2001: unresolved external symbol "__declspec(dllimport) public: void __thiscall sf::CircleShape::setPointCount(unsigned int)" (__imp_?setPointCount@CircleShape@sf@@QAEXI@Z)
Solver.obj : error LNK2001: unresolved external symbol "__declspec(dllimport) public: __thiscall sf::CircleShape::CircleShape(class sf::CircleShape const &)" (__imp_??0CircleShape@sf@@QAE@ABV01@@Z)
Solver.obj : error LNK2001: unresolved external symbol "__declspec(dllimport) public: __thiscall sf::CircleShape::CircleShape(class sf::CircleShape &&)" (__imp_??0CircleShape@sf@@QAE@$$QAV01@@Z)
C:\dev\ThisIsGonnaBeViral\ThisGoingViral\Release\ThisGoingViral.exe : fatal error LNK1120: 26 unresolved externals
